Flow report for uart
Tue Jan 04 14:52:00 2022
Quartus Prime Version 20.1.1 Build 720 11/11/2020 SJ Lite Edition


---------------------
; Table of Contents ;
---------------------
  1. Legal Notice
  2. Flow Summary
  3. Flow Settings
  4. Flow Non-Default Global Settings
  5. Flow Elapsed Time
  6. Flow OS Summary
  7. Flow Log
  8. Flow Messages
  9. Flow Suppressed Messages



----------------
; Legal Notice ;
----------------
Copyright (C) 2020  Intel Corporation. All rights reserved.
Your use of Intel Corporation's design tools, logic functions 
and other software and tools, and any partner logic 
functions, and any output files from any of the foregoing 
(including device programming or simulation files), and any 
associated documentation or information are expressly subject 
to the terms and conditions of the Intel Program License 
Subscription Agreement, the Intel Quartus Prime License Agreement,
the Intel FPGA IP License Agreement, or other applicable license
agreement, including, without limitation, that your use is for
the sole purpose of programming logic devices manufactured by
Intel and sold by Intel or its authorized distributors.  Please
refer to the applicable agreement for further details, at
https://fpgasoftware.intel.com/eula.



+----------------------------------------------------------------------------------+
; Flow Summary                                                                     ;
+------------------------------------+---------------------------------------------+
; Flow Status                        ; Successful - Tue Jan 04 14:51:59 2022       ;
; Quartus Prime Version              ; 20.1.1 Build 720 11/11/2020 SJ Lite Edition ;
; Revision Name                      ; uart                                        ;
; Top-level Entity Name              ; uart                                        ;
; Family                             ; MAX 10                                      ;
; Device                             ; 10M08SAE144C8GES                            ;
; Timing Models                      ; Preliminary                                 ;
; Total logic elements               ; 41 / 8,064 ( < 1 % )                        ;
;     Total combinational functions  ; 41 / 8,064 ( < 1 % )                        ;
;     Dedicated logic registers      ; 19 / 8,064 ( < 1 % )                        ;
; Total registers                    ; 19                                          ;
; Total pins                         ; 3 / 101 ( 3 % )                             ;
; Total virtual pins                 ; 0                                           ;
; Total memory bits                  ; 0 / 387,072 ( 0 % )                         ;
; Embedded Multiplier 9-bit elements ; 0 / 48 ( 0 % )                              ;
; Total PLLs                         ; 0 / 1 ( 0 % )                               ;
; UFM blocks                         ; 0 / 1 ( 0 % )                               ;
; ADC blocks                         ; 0 / 1 ( 0 % )                               ;
+------------------------------------+---------------------------------------------+


+-----------------------------------------+
; Flow Settings                           ;
+-------------------+---------------------+
; Option            ; Setting             ;
+-------------------+---------------------+
; Start date & time ; 01/04/2022 14:48:05 ;
; Main task         ; Compilation         ;
; Revision Name     ; uart                ;
+-------------------+---------------------+


+------------------------------------------------------------------------------------------------------------------------------------------------+
; Flow Non-Default Global Settings                                                                                                               ;
+-------------------------------------+----------------------------------------+---------------+-------------+-----------------------------------+
; Assignment Name                     ; Value                                  ; Default Value ; Entity Name ; Section Id                        ;
+-------------------------------------+----------------------------------------+---------------+-------------+-----------------------------------+
; COMPILER_SIGNATURE_ID               ; 150461130083848.164130408500240        ; --            ; --          ; --                                ;
; EDA_GENERATE_FUNCTIONAL_NETLIST     ; Off                                    ; --            ; --          ; eda_board_design_timing           ;
; EDA_GENERATE_FUNCTIONAL_NETLIST     ; Off                                    ; --            ; --          ; eda_board_design_boundary_scan    ;
; EDA_GENERATE_FUNCTIONAL_NETLIST     ; Off                                    ; --            ; --          ; eda_board_design_signal_integrity ;
; EDA_GENERATE_FUNCTIONAL_NETLIST     ; Off                                    ; --            ; --          ; eda_board_design_symbol           ;
; EDA_OUTPUT_DATA_FORMAT              ; Vhdl                                   ; --            ; --          ; eda_simulation                    ;
; EDA_SIMULATION_TOOL                 ; ModelSim (VHDL)                        ; <None>        ; --          ; --                                ;
; EDA_TIME_SCALE                      ; 1 ps                                   ; --            ; --          ; eda_simulation                    ;
; PARTITION_COLOR                     ; -- (Not supported for targeted family) ; --            ; --          ; Top                               ;
; PARTITION_FITTER_PRESERVATION_LEVEL ; -- (Not supported for targeted family) ; --            ; --          ; Top                               ;
; PARTITION_NETLIST_TYPE              ; -- (Not supported for targeted family) ; --            ; --          ; Top                               ;
; PROJECT_OUTPUT_DIRECTORY            ; output_files                           ; --            ; --          ; --                                ;
+-------------------------------------+----------------------------------------+---------------+-------------+-----------------------------------+


+--------------------------------------------------------------------------------------------------------------------------+
; Flow Elapsed Time                                                                                                        ;
+----------------------+--------------+-------------------------+---------------------+------------------------------------+
; Module Name          ; Elapsed Time ; Average Processors Used ; Peak Virtual Memory ; Total CPU Time (on all processors) ;
+----------------------+--------------+-------------------------+---------------------+------------------------------------+
; Analysis & Synthesis ; 00:00:10     ; 1.0                     ; 4781 MB             ; 00:00:22                           ;
; Fitter               ; 00:00:05     ; 1.0                     ; 5549 MB             ; 00:00:06                           ;
; Assembler            ; 00:00:01     ; 1.0                     ; 4680 MB             ; 00:00:01                           ;
; Power Analyzer       ; 00:00:02     ; 1.0                     ; 4818 MB             ; 00:00:02                           ;
; Timing Analyzer      ; 00:00:02     ; 1.0                     ; 4778 MB             ; 00:00:02                           ;
; EDA Netlist Writer   ; 00:00:01     ; 1.0                     ; 4634 MB             ; 00:00:01                           ;
; EDA Netlist Writer   ; 00:00:00     ; 1.0                     ; 4626 MB             ; 00:00:01                           ;
; EDA Netlist Writer   ; 00:00:00     ; 1.0                     ; 4635 MB             ; 00:00:01                           ;
; EDA Netlist Writer   ; 00:00:01     ; 1.0                     ; 4626 MB             ; 00:00:01                           ;
; EDA Netlist Writer   ; 00:00:00     ; 1.0                     ; 4635 MB             ; 00:00:01                           ;
; Total                ; 00:00:22     ; --                      ; --                  ; 00:00:38                           ;
+----------------------+--------------+-------------------------+---------------------+------------------------------------+


+------------------------------------------------------------------------------------+
; Flow OS Summary                                                                    ;
+----------------------+------------------+------------+------------+----------------+
; Module Name          ; Machine Hostname ; OS Name    ; OS Version ; Processor type ;
+----------------------+------------------+------------+------------+----------------+
; Analysis & Synthesis ; DESKTOP-DK7LK6K  ; Windows 10 ; 10.0       ; x86_64         ;
; Fitter               ; DESKTOP-DK7LK6K  ; Windows 10 ; 10.0       ; x86_64         ;
; Assembler            ; DESKTOP-DK7LK6K  ; Windows 10 ; 10.0       ; x86_64         ;
; Power Analyzer       ; DESKTOP-DK7LK6K  ; Windows 10 ; 10.0       ; x86_64         ;
; Timing Analyzer      ; DESKTOP-DK7LK6K  ; Windows 10 ; 10.0       ; x86_64         ;
; EDA Netlist Writer   ; DESKTOP-DK7LK6K  ; Windows 10 ; 10.0       ; x86_64         ;
; EDA Netlist Writer   ; DESKTOP-DK7LK6K  ; Windows 10 ; 10.0       ; x86_64         ;
; EDA Netlist Writer   ; DESKTOP-DK7LK6K  ; Windows 10 ; 10.0       ; x86_64         ;
; EDA Netlist Writer   ; DESKTOP-DK7LK6K  ; Windows 10 ; 10.0       ; x86_64         ;
; EDA Netlist Writer   ; DESKTOP-DK7LK6K  ; Windows 10 ; 10.0       ; x86_64         ;
+----------------------+------------------+------------+------------+----------------+


------------
; Flow Log ;
------------
quartus_map --read_settings_files=on --write_settings_files=off uart -c uart
quartus_fit --read_settings_files=off --write_settings_files=off uart -c uart
quartus_asm --read_settings_files=off --write_settings_files=off uart -c uart
quartus_pow --read_settings_files=off --write_settings_files=off uart -c uart
quartus_sta uart -c uart
quartus_eda --read_settings_files=off --write_settings_files=off uart -c uart
quartus_eda --gen_testbench --tool=modelsim_oem --format=vhdl --write_settings_files=off uart -c uart --vector_source=C:/Users/nianl/OneDrive/Documenten/0Kwartiel_2_j2/HDL/eindOpdracht/Waveform.vwf --testbench_file=C:/Users/nianl/OneDrive/Documenten/0Kwartiel_2_j2/HDL/eindOpdracht/simulation/qsim/Waveform.vwf.vht
quartus_eda --write_settings_files=off --simulation=on --functional=on --flatten_buses=off --tool=modelsim_oem --format=vhdl --output_directory=C:/Users/nianl/OneDrive/Documenten/0Kwartiel_2_j2/HDL/eindOpdracht/simulation/qsim/ uart -c uart
quartus_eda --gen_testbench --tool=modelsim_oem --format=vhdl --write_settings_files=off uart -c uart --vector_source=C:/Users/nianl/OneDrive/Documenten/0Kwartiel_2_j2/HDL/eindOpdracht/Waveform.vwf --testbench_file=C:/Users/nianl/OneDrive/Documenten/0Kwartiel_2_j2/HDL/eindOpdracht/simulation/qsim/Waveform.vwf.vht
quartus_eda --write_settings_files=off --simulation=on --functional=on --flatten_buses=off --tool=modelsim_oem --format=vhdl --output_directory=C:/Users/nianl/OneDrive/Documenten/0Kwartiel_2_j2/HDL/eindOpdracht/simulation/qsim/ uart -c uart



